<?xml version="1.0" encoding="UTF-8"?>
<testsuite name="RnaTranscriptionTest" tests="6" skipped="5" failures="0" errors="0" timestamp="2022-01-11T07:38:07" hostname="DESKTOP-BHM9TVE" time="0.074">
  <properties/>
  <testcase name="testRnaTranscriptionOfThymineIsAdenine" classname="RnaTranscriptionTest" time="0.0">
    <skipped/>
  </testcase>
  <testcase name="testRnaTranscription" classname="RnaTranscriptionTest" time="0.0">
    <skipped/>
  </testcase>
  <testcase name="testRnaTranscriptionOfCytosineIsGuanine" classname="RnaTranscriptionTest" time="0.0">
    <skipped/>
  </testcase>
  <testcase name="testEmptyRnaSequence" classname="RnaTranscriptionTest" time="0.072"/>
  <testcase name="testRnaTranscriptionOfGuanineIsCytosine" classname="RnaTranscriptionTest" time="0.0">
    <skipped/>
  </testcase>
  <testcase name="testRnaTranscriptionOfAdenineIsUracil" classname="RnaTranscriptionTest" time="0.0">
    <skipped/>
  </testcase>
  <system-out><![CDATA[]]></system-out>
  <system-err><![CDATA[]]></system-err>
</testsuite>
